     1                                  
     2                                  BOTPAK  EQU    0x00280000    ; BOOTPACK     | bootpackのロード先
     3                                  DSKCAC  EQU    0x00100000    ; DISK CACHE   | ディスクキャッシュの場所
     4                                  DSKCAC0 EQU    0x00008000    ; DISK CACHE 0 | ディスクキャッシュの場所（リアルモード）
     5                                  
     6                                  ; BOOT_INFO関係
     7                                  ; > メモしている場所は0x0ff0番地周辺ですが、メモリマップによるとこのへんも誰にも使われていないようでした
     8                                  CYLS    EQU     0x0ff0      ; ブートセクタが設定する
     9                                  LEDS    EQU     0x0ff1      ; LED STATE
    10                                  VMODE   EQU     0x0ff2      ; VIDEO MODE | 色数に関する情報（何ビットカラーか）
    11                                  SCRNX   EQU     0x0ff4      ; SCREEN X   | 解像度X
    12                                  SCRNY   EQU     0x0ff6      ; SCREEN Y   | 解像度Y
    13                                  VRAM    EQU     0x0ff8      ; VIDEO RAM  | グラフィックバッファの開始番地
    14                                  
    15                                          ;=======================================================================
    16                                          ORG     0xc200      ; 0xc200 = 0x8000 + 0x4200
    17                                                              ; イメージファイルの 0x4200 アドレス番目に書き込まれている
    18                                                              ; また,先で 0x8000 以降を使うことに決めている
    19                                  
    20                                          ;=======================================================================
    21                                          ; [INT(0x10); ビデオ関係](http://oswiki.osask.jp/?%28AT%29BIOS#n5884802)
    22                                          ; ビデオモード設定
    23                                          ;   AH = 0x00;
    24                                          ;   AL = モード： (マイナーな画面モードは省略しています)
    25                                          ;     0x03：16色テキスト、80x25
    26                                          ;     0x12：VGAグラフィックス、640x480x4bitカラー、独自プレーンアクセス
    27                                          ;     0x13：VGAグラフィックス、320x200x8bitカラー、パックドピクセル
    28                                          ;     0x6a：拡張VGAグラフィックス、800x600x4bitカラー、独自プレーンアクセス（ビデオカードによってはサポートされない）
    29                                          ;   戻り値：なし
    30 00000000 B013                            MOV     AL, 0x13    ; VGA graphics, 320x200x(8 bit color)
    31 00000002 B400                            MOV     AH, 0x00
    32 00000004 CD10                            INT     0x10
    33                                  
    34                                          ; 画面モードをメモする
    35 00000006 C606F20F08                      MOV     BYTE [VMODE], 8           ; Video MODE
    36 0000000B C706F40F4001                    MOV     WORD [SCRNX], 320         ; SCReeN X
    37 00000011 C706F60FC800                    MOV     WORD [SCRNY], 200         ; SCReeN Y
    38 00000017 66C706F80F00000A00              MOV     DWORD [VRAM], 0x000a0000  ; Video RAM
    39                                  
    40 00000020 B0FF                            MOV     AL, 0xff
    41 00000022 E621                            OUT     0x21, AL
    42 00000024 90                              NOP     
    43 00000025 E6A1                            OUT     0xa1, AL
    44                                  
    45 00000027 FA                              CLI                   ; さらにCPUレベルでも割り込み禁止
    46                                  
    47                                          ; CPUから1MB以上のメモリにアクセスできるように、A20GATEを設定
    48                                  
    49 00000028 E8B500                          CALL waitkbdout
    50 0000002B B0D1                            MOV  AL,0xd1
    51 0000002D E664                            OUT  0x64,AL
    52 0000002F E8AE00                          CALL waitkbdout
    53 00000032 B0DF                            MOV  AL,0xdf          ; enable A20
    54 00000034 E660                            OUT  0x60,AL
    55 00000036 E8A700                          CALL waitkbdout
    56                                  
    57                                          ; プロテクトモード移行
    58                                          
    59                                          ;[INSTRSET "i486p"]    ; i486の命令まで使いたいという記述
    60                                          ; ここで指定するのではなくgccでcompileする際にi486で指定
    61                                  
    62 00000039 0F0116[1A01]                    LGDT [GDTR0]   ; 暫定GDTを設定
    63 0000003E 0F20C0                          MOV  EAX,CR0
    64 00000041 6625FFFFFF7F                    AND  EAX,0x7fffffff ; bit31を0にする（ページング禁止のため）
    65 00000047 6683C801                        OR  EAX,0x00000001 ; bit0を1にする（プロテクトモード移行のため）
    66 0000004B 0F22C0                          MOV  CR0,EAX
    67 0000004E EB00                            JMP  pipelineflush
    68                                  pipelineflush:
    69 00000050 B80800                          MOV  AX,1*8   ;  読み書き可能セグメント32bit
    70 00000053 8ED8                            MOV  DS,AX
    71 00000055 8EC0                            MOV  ES,AX
    72 00000057 8EE0                            MOV  FS,AX
    73 00000059 8EE8                            MOV  GS,AX
    74 0000005B 8ED0                            MOV  SS,AX
    75                                  
    76                                          ; bootpackの転送
    77                                  
    78 0000005D 66BE[20010000]                  MOV  ESI,bootpack ; 転送元
    79 00000063 66BF00002800                    MOV  EDI,BOTPAK  ; 転送先
    80 00000069 66B900000200                    MOV  ECX,512*1024/4
    81                                          ;MOV  ECX, 131072
    82 0000006F E87500                          CALL memcpy
    83                                  
    84                                          ; ついでにディスクデータも本来の位置へ転送
    85                                  
    86                                          ; まずはブートセクタから
    87                                  
    88 00000072 66BE007C0000                    MOV  ESI,0x7c00  ; 転送元
    89 00000078 66BF00001000                    MOV  EDI,DSKCAC  ; 転送先
    90 0000007E 66B980000000                    MOV  ECX,512/4
    91                                          ;MOV  ECX, 128
    92 00000084 E86000                          CALL memcpy
    93                                  
    94                                          ; 残り全部
    95                                  
    96 00000087 66BE00820000                    MOV  ESI,DSKCAC0+512 ; 転送元
    97 0000008D 66BF00021000                    MOV  EDI,DSKCAC+512 ; 転送先
    98 00000093 66B900000000                    MOV  ECX,0
    99 00000099 8A0EF00F                        MOV  CL,BYTE [CYLS]
   100 0000009D 6669C900120000                  IMUL ECX,512*18*2/4 ; シリンダ数からバイト数/4に変換
   101                                          ;IMUL ECX, 4608
   102 000000A4 6681E980000000                  SUB  ECX,512/4  ; IPLの分だけ差し引く
   103                                          ;SUB  ECX, 128  ; IPLの分だけ差し引く
   104 000000AB E83900                          CALL memcpy
   105                                  
   106                                          ; asmheadでしなければいけないことは全部し終わったので、
   107                                          ; あとはbootpackに任せる
   108                                          
   109                                          ; bootpackの起動
   110                                  
   111 000000AE 66BB00002800                    MOV  EBX,BOTPAK
   112 000000B4 66678B4B10                      MOV  ECX,[EBX+16]
   113 000000B9 6683C103                        ADD  ECX,3   ; ECX += 3;
   114 000000BD 66C1E902                        SHR  ECX,2   ; ECX /= 4;
   115 000000C1 7410                            JZ  skip   ; 転送するべきものがない
   116 000000C3 66678B7314                      MOV  ESI,[EBX+20] ; 転送元
   117 000000C8 6601DE                          ADD  ESI,EBX
   118 000000CB 66678B7B0C                      MOV  EDI,[EBX+12] ; 転送先
   119 000000D0 E81400                          CALL memcpy
   120                                  skip:
   121 000000D3 66678B630C                      MOV  ESP,[EBX+12] ; スタック初期値
   122 000000D8 66EA1B0000001000                JMP  DWORD 2*8:0x0000001b
   123                                  
   124                                  waitkbdout:
   125 000000E0 E464                            IN   AL,0x64
   126 000000E2 2402                            AND   AL,0x02
   127 000000E4 75FA                            JNZ  waitkbdout  ; ANDの結果が0でなければwaitkbdoutへ
   128 000000E6 C3                              RET
   129                                  
   130                                  memcpy:
   131 000000E7 66678B06                        MOV  EAX,[ESI]
   132 000000EB 6683C604                        ADD  ESI,4
   133 000000EF 66678907                        MOV  [EDI],EAX
   134 000000F3 6683C704                        ADD  EDI,4
   135 000000F7 6683E901                        SUB  ECX,1
   136 000000FB 75EA                            JNZ  memcpy   ; 引き算した結果が0でなければmemcpyへ
   137 000000FD C3                              RET
   138                                          ; memcpyはアドレスサイズプリフィクスを入れ忘れなければ、ストリング命令でも書ける
   139                                  
   140 000000FE <res 00000002>                  ALIGNB 16
   140          ******************       warning: uninitialized space declared in .text section: zeroing [-w+other]
   141                                  GDT0:
   142 00000100 <res 00000008>                  RESB 8    ; ヌルセレクタ
   142          ******************       warning: uninitialized space declared in .text section: zeroing [-w+other]
   143 00000108 FFFF00000092CF00                DW  0xffff,0x0000,0x9200,0x00cf ; 読み書き可能セグメント32bit
   144 00000110 FFFF0000289A4700                DW  0xffff,0x0000,0x9a28,0x0047 ; 実行可能セグメント32bit（bootpack用）
   145                                  
   146 00000118 0000                            DW  0
   147                                  GDTR0:
   148 0000011A 1700                            DW  8*3-1
   149 0000011C [00010000]                      DD  GDT0
   150                                  
   151                                          ALIGNB 16
   152                                  bootpack:
