     1                                  CYLS    EQU     10
     2                                  
     3                                          ORG     0x7c00
     4                                  
     5                                  ;フロッピーディスクの詳細
     6 00000000 EB4E                            JMP     entry
     7 00000002 90                              DB      0x90
     8 00000003 48415249424F5445                DB      "HARIBOTE"
     9 0000000B 0002                            DW      512
    10 0000000D 01                              DB      1
    11 0000000E 0100                            DW      1
    12 00000010 02                              DB      2
    13 00000011 E000                            DW      224
    14 00000013 400B                            DW      2880
    15 00000015 F0                              DB      0xf0
    16 00000016 0900                            DW      9
    17 00000018 1200                            DW      18
    18 0000001A 0200                            DW      2
    19 0000001C 00000000                        DD      0
    20 00000020 400B0000                        DD      2880
    21                                  
    22                                      ; FAT12/16におけるオフセット36以降のフィールド
    23 00000024 000029                          DB      0,0,0x29
    24 00000027 FFFFFFFF                        DD      0xffffffff
    25 0000002B 48415249424F54454F-             DB      "HARIBOTEOS "
    25 00000034 5320               
    26 00000036 4641543132202020                DB      "FAT12   "
    27 0000003E <res 00000012>                  RESB    18
    27          ******************       warning: uninitialized space declared in .text section: zeroing [-w+other]
    28                                  
    29                                  ; START BS_BootCode 64(0x14)    448(0x1C0)
    30                                  entry:
    31 00000050 B80000                          MOV     AX, 0
    32 00000053 8ED0                            MOV     SS, AX
    33 00000055 BC007C                          MOV     SP, 0x7c00
    34 00000058 8ED8                            MOV     DS, AX
    35                                  
    36                                  ; load disk
    37 0000005A B82008                          MOV     AX, 0x0820
    38 0000005D 8EC0                            MOV     ES, AX
    39 0000005F B500                            MOV     CH, 0
    40 00000061 B600                            MOV     DH, 0
    41 00000063 B102                            MOV     CL, 2
    42                                  
    43                                  readloop:
    44 00000065 BE0000                          MOV     SI, 0
    45                                  
    46                                  retry:
    47 00000068 B402                            MOV     AH, 0x02
    48 0000006A B001                            MOV     AL, 1
    49 0000006C BB0000                          MOV     BX, 0
    50                                  
    51 0000006F B200                            MOV     DL, 0x00
    52 00000071 CD13                            INT     0x13
    53 00000073 7310                            JNC     next
    54                                  
    55 00000075 83C601                          ADD     SI, 1
    56 00000078 83FE05                          CMP     SI, 5
    57 0000007B 7332                            JAE     error
    58                                  
    59 0000007D B400                            MOV     AH, 0x00
    60 0000007F B200                            MOV     DL, 0x00
    61 00000081 CD13                            INT     0x13
    62 00000083 EBE3                            JMP     retry
    63                                  
    64                                  next:
    65 00000085 8CC0                            MOV     AX, ES
    66 00000087 83C020                          ADD     AX, 0x0020
    67 0000008A 8EC0                            MOV     ES, AX
    68                                  
    69 0000008C 80C101                          ADD     CL, 1
    70 0000008F 80F912                          CMP     CL, 18
    71 00000092 76D1                            JBE     readloop
    72                                  
    73 00000094 B101                            MOV     CL, 1
    74 00000096 80C601                          ADD     DH, 1
    75 00000099 80FE02                          CMP     DH, 2
    76 0000009C 72C7                            JB      readloop
    77                                  
    78 0000009E B600                            MOV     DH, 0
    79 000000A0 80C501                          ADD     CH, 1
    80 000000A3 80FD0A                          CMP     CH, CYLS
    81 000000A6 72BD                            JB      readloop
    82                                  
    83 000000A8 882EF00F                        MOV     [0x0ff0], CH
    84 000000AC E9(00C2)                        JMP     0xc200
    85                                  
    86                                  error:
    87 000000AF BE[C700]                        MOV     SI, msg
    88                                  
    89                                  putloop:
    90 000000B2 8A04                            MOV     AL, [SI]
    91 000000B4 83C601                          ADD     SI, 1
    92 000000B7 3C00                            CMP     AL, 0
    93 000000B9 7409                            JE      fin
    94                                  
    95 000000BB B40E                            MOV     AH, 0x0e
    96 000000BD BB0F00                          MOV     BX, 15
    97 000000C0 CD10                            INT     0x10
    98 000000C2 EBEE                            JMP     putloop
    99                                  
   100                                  fin:
   101 000000C4 F4                              HLT
   102 000000C5 EBFD                            JMP     fin
   103                                  
   104                                  msg:
   105 000000C7 0A0A                            DB      0x0a, 0x0a
   106 000000C9 6C6F6164206572726F-             DB      "load error"
   106 000000D2 72                 
   107 000000D3 0A                              DB      0x0a
   108 000000D4 00                              DB      0
   109                                  
   110 000000D5 <res 00000129>                  RESB    0x7dfe - 0x7c00 - ($ - $$)
   110          ******************       warning: uninitialized space declared in .text section: zeroing [-w+other]
   111                                  
   112 000001FE 55AA                            DB      0x55, 0xaa
